{
  "stats": {
    "suites": 1,
    "tests": 1,
    "passes": 1,
    "pending": 0,
    "failures": 0,
    "start": "2020-12-02T18:25:07.587Z",
    "end": "2020-12-02T18:26:21.347Z",
    "duration": 73760,
    "testsRegistered": 1,
    "passPercent": 100,
    "pendingPercent": 0,
    "other": 0,
    "hasOther": false,
    "skipped": 0,
    "hasSkipped": false
  },
  "results": [
    {
      "uuid": "d3399dba-ddc1-4f45-8db1-e9f40a8b9ea6",
      "title": "",
      "fullFile": "",
      "file": "",
      "beforeHooks": [],
      "afterHooks": [],
      "tests": [],
      "suites": [
        {
          "uuid": "7463218d-2676-4f1e-94b3-c11d2d7da6cc",
          "title": "students",
          "fullFile": "/Users/frfpedroso/Desktop/mobile/appsqazando/steps/students_test.js",
          "file": "/steps/students_test.js",
          "beforeHooks": [
            {
              "title": "\"before all\" hook: codeceptjs.beforeSuite in \"students\"",
              "fullTitle": "students \"before all\" hook: codeceptjs.beforeSuite in \"students\"",
              "timedOut": false,
              "duration": 1,
              "state": null,
              "speed": null,
              "pass": false,
              "fail": false,
              "pending": false,
              "context": null,
              "code": "scenario.suiteSetup(suite)",
              "err": {},
              "uuid": "e7d0c84d-3b65-4165-9fac-352cf22baf8b",
              "parentUUID": "7463218d-2676-4f1e-94b3-c11d2d7da6cc",
              "isHook": true,
              "skipped": false
            },
            {
              "title": "\"before each\" hook: codeceptjs.before in \"students\"",
              "fullTitle": "students \"before each\" hook: codeceptjs.before in \"students\"",
              "timedOut": false,
              "duration": 49041,
              "state": null,
              "speed": null,
              "pass": false,
              "fail": false,
              "pending": false,
              "context": null,
              "code": "scenario.setup(suite)",
              "err": {},
              "uuid": "4376e4d6-a9e8-4245-bb2d-e4a903dfdd2a",
              "parentUUID": "7463218d-2676-4f1e-94b3-c11d2d7da6cc",
              "isHook": true,
              "skipped": false
            }
          ],
          "afterHooks": [
            {
              "title": "\"after all\" hook: codeceptjs.afterSuite in \"students\"",
              "fullTitle": "students \"after all\" hook: codeceptjs.afterSuite in \"students\"",
              "timedOut": false,
              "duration": 0,
              "state": null,
              "speed": null,
              "pass": false,
              "fail": false,
              "pending": false,
              "context": null,
              "code": "scenario.suiteTeardown(suite)",
              "err": {},
              "uuid": "1da6320f-c8f1-4ccd-b16d-134bea42473b",
              "parentUUID": "7463218d-2676-4f1e-94b3-c11d2d7da6cc",
              "isHook": true,
              "skipped": false
            },
            {
              "title": "\"after each\" hook: finalize codeceptjs in \"students\"",
              "fullTitle": "students \"after each\" hook: finalize codeceptjs in \"students\"",
              "timedOut": false,
              "duration": 5482,
              "state": null,
              "speed": null,
              "pass": false,
              "fail": false,
              "pending": false,
              "context": null,
              "code": "scenario.teardown(suite)",
              "err": {},
              "uuid": "40e814fb-d05a-46c9-81fd-428b2a5320e8",
              "parentUUID": "7463218d-2676-4f1e-94b3-c11d2d7da6cc",
              "isHook": true,
              "skipped": false
            }
          ],
          "tests": [
            {
              "title": "Add studentes successfully",
              "fullTitle": "students: Add studentes successfully",
              "timedOut": false,
              "duration": 19214,
              "state": "passed",
              "speed": "slow",
              "pass": true,
              "fail": false,
              "pending": false,
              "context": null,
              "code": "const my_code = code.getCode()\n    const my_name = name.getName()\n    login_page.doLogin('teste@teste.com', '123456')\n    home_page.registerStudent(my_code, my_name)\n    home_page.searchStudent(my_name, my_code)",
              "err": {},
              "uuid": "fb1145be-3b92-4113-a398-32ee30df77b4",
              "parentUUID": "7463218d-2676-4f1e-94b3-c11d2d7da6cc",
              "isHook": false,
              "skipped": false
            }
          ],
          "suites": [],
          "passes": [
            "fb1145be-3b92-4113-a398-32ee30df77b4"
          ],
          "failures": [],
          "pending": [],
          "skipped": [],
          "duration": 19214,
          "root": false,
          "rootEmpty": false,
          "_timeout": 0
        }
      ],
      "passes": [],
      "failures": [],
      "pending": [],
      "skipped": [],
      "duration": 0,
      "root": true,
      "rootEmpty": true,
      "_timeout": 0
    }
  ],
  "meta": {
    "mocha": {
      "version": "8.2.1"
    },
    "mochawesome": {
      "options": {
        "quiet": false,
        "reportFilename": "mochawesome",
        "saveHtml": true,
        "saveJson": true,
        "consoleReporter": "spec",
        "useInlineDiffs": false,
        "code": true
      },
      "version": "6.2.1"
    },
    "marge": {
      "options": {},
      "version": "5.1.0"
    }
  }
}